<?xml version="1.0" encoding="UTF-8"?>
<testng-results ignored="0" total="0" passed="0" failed="0" skipped="0">
  <reporter-output>
  </reporter-output>
  <suite started-at="2023-10-22T19:57:32 WIB" name="Surefire suite" finished-at="2023-10-22T19:57:55 WIB" duration-ms="22882">
    <groups>
    </groups>
    <test started-at="2023-10-22T19:57:32 WIB" name="Surefire test" finished-at="2023-10-22T19:57:55 WIB" duration-ms="22882">
    </test> <!-- Surefire test -->
  </suite> <!-- Surefire suite -->
</testng-results>
